Determining if the function __RTTI___ exists in the Crun failed with the following output:
Change Dir: C:/Users/martin/Desktop/taglib-1.7/CMakeFiles/CMakeTmp

Run Build Command:c:\PROGRA~2\MICROS~1.0\Common7\IDE\devenv.com CMAKE_TRY_COMPILE.sln /build Debug /project cmTryCompileExec

Microsoft (R) Visual Studio Version 9.0.21022.8.
Copyright (C) Microsoft Corp. Alle Rechte vorbehalten.
1>------ Erstellen gestartet: Projekt: cmTryCompileExec, Konfiguration: Debug Win32 ------
1>Kompilieren...
1>Microsoft (R) 32-Bit C/C++-Optimierungscompiler Version 15.00.21022.08 fÅr 80x86
1>Copyright (C) Microsoft Corporation. Alle Rechte vorbehalten.
1>cl /Od /D "WIN32" /D "_WINDOWS" /D "CHECK_FUNCTION_EXISTS=__RTTI___" /D "_DEBUG" /D "CMAKE_INTDIR=\"Debug\"" /D "_MBCS" /FD /RTC1 /MDd /Fo"cmTryCompileExec.dir\Debug\\" /Fd"C:\Users\martin\Desktop\taglib-1.7\CMakeFiles\CMakeTmp\Debug/cmTryCompileExec.pdb" /W3 /c /Zi /TC   /Zm1000
1>   "..\..\..\..\..\..\Program Files (x86)\CMake 2.8\share\cmake-2.8\Modules\CheckFunctionExists.c"
1>CheckFunctionExists.c
1>Manifest in Ressourcen wird kompiliert...
1>Microsoft (R) Windows (R) Resource Compiler Version 6.0.5724.0
1>Copyright (C) Microsoft Corporation.  All rights reserved.
1>VerknÅpfen...
1>LINK : fatal error LNK1104: Datei "Crun.lib" kann nicht geîffnet werden.
1>Das Buildprotokoll wurde unter "file://c:\Users\martin\Desktop\taglib-1.7\CMakeFiles\CMakeTmp\cmTryCompileExec.dir\Debug\BuildLog.htm" gespeichert.
1>cmTryCompileExec - 1 Fehler, 0 Warnung(en)
========== Erstellen: 0 erfolgreich, Fehler bei 1, 0 aktuell, 0 Åbersprungen ==========


